#-----------------------------------------------------------
# Vivado v2016.4 (64-bit)
# SW Build 1756540 on Mon Jan 23 19:11:19 MST 2017
# IP Build 1755317 on Mon Jan 23 20:30:07 MST 2017
# Start of session at: Wed Jun 27 17:54:10 2018
# Process ID: 28306
# Current directory: /home/nick/Documents/student_xohw18-222_Nikolaos_Bellas_20180630_1/sw
# Command line: vivado
# Log file: /home/nick/Documents/student_xohw18-222_Nikolaos_Bellas_20180630_1/sw/vivado.log
# Journal file: /home/nick/Documents/student_xohw18-222_Nikolaos_Bellas_20180630_1/sw/vivado.jou
#-----------------------------------------------------------
start_gui
open_project /home/nick/Documents/student_xohw18-222_Nikolaos_Bellas_20180630_1/Hog_System_Zynq/Hog_System.xpr
Scanning sources...
Finished scanning sources
INFO: [IP_Flow 19-234] Refreshing IP repositories
INFO: [IP_Flow 19-1700] Loaded user IP repository '/home/nick/Documents/student_xohw18-222_Nikolaos_Bellas_20180630_1/ip'.
INFO: [IP_Flow 19-2313] Loaded Vivado IP repository '/opt/Xilinx/Vivado/2016.4/data/ip'.
open_project: Time (s): cpu = 00:00:17 ; elapsed = 00:00:07 . Memory (MB): peak = 6010.414 ; gain = 195.359 ; free physical = 2322 ; free virtual = 13253
reset_target all [get_files  /home/nick/Documents/student_xohw18-222_Nikolaos_Bellas_20180630_1/Hog_System_Zynq/Hog_System.srcs/sources_1/bd/design_1/design_1.bd]
export_ip_user_files -of_objects  [get_files  /home/nick/Documents/student_xohw18-222_Nikolaos_Bellas_20180630_1/Hog_System_Zynq/Hog_System.srcs/sources_1/bd/design_1/design_1.bd] -sync -no_script -force -quiet
delete_ip_run [get_files -of_objects [get_fileset sources_1] /home/nick/Documents/student_xohw18-222_Nikolaos_Bellas_20180630_1/Hog_System_Zynq/Hog_System.srcs/sources_1/bd/design_1/design_1.bd]
delete_ip_run: Time (s): cpu = 00:00:35 ; elapsed = 00:00:15 . Memory (MB): peak = 6026.137 ; gain = 2.000 ; free physical = 2250 ; free virtual = 13169
reset_run synth_1
exit
INFO: [Common 17-206] Exiting Vivado at Wed Jun 27 17:55:24 2018...
