
*** Running vivado
    with args -log design_1_auto_pc_3.vds -m64 -product Vivado -mode batch -messageDb vivado.pb -notrace -source design_1_auto_pc_3.tcl

awk: symbol lookup error: awk: undefined symbol: mpfr_z_sub

****** Vivado v2016.4 (64-bit)
  **** SW Build 1756540 on Mon Jan 23 19:11:19 MST 2017
  **** IP Build 1755317 on Mon Jan 23 20:30:07 MST 2017
    ** Copyright 1986-2016 Xilinx, Inc. All Rights Reserved.

source design_1_auto_pc_3.tcl -notrace
awk: symbol lookup error: awk: undefined symbol: mpfr_z_sub
Starting RTL Elaboration : Time (s): cpu = 00:00:07 ; elapsed = 00:00:08 . Memory (MB): peak = 1066.566 ; gain = 136.086 ; free physical = 1524 ; free virtual = 10953
INFO: [Synth 8-638] synthesizing module 'design_1_auto_pc_3' [/home/nick/Documents/student_xohw18-222_Nikolaos_Bellas_20180630_1/Hog_System_Zynq/Hog_System.srcs/sources_1/bd/design_1/ip/design_1_auto_pc_3/synth/design_1_auto_pc_3.v:58]
INFO: [Synth 8-638] synthesizing module 'axi_protocol_converter_v2_1_11_axi_protocol_converter' [/home/nick/Documents/student_xohw18-222_Nikolaos_Bellas_20180630_1/Hog_System_Zynq/Hog_System.srcs/sources_1/bd/design_1/ipshared/df1b/hdl/axi_protocol_converter_v2_1_vl_rfs.v:4806]
INFO: [Synth 8-638] synthesizing module 'axi_protocol_converter_v2_1_11_axi3_conv' [/home/nick/Documents/student_xohw18-222_Nikolaos_Bellas_20180630_1/Hog_System_Zynq/Hog_System.srcs/sources_1/bd/design_1/ipshared/df1b/hdl/axi_protocol_converter_v2_1_vl_rfs.v:954]
INFO: [Synth 8-638] synthesizing module 'axi_protocol_converter_v2_1_11_b_downsizer' [/home/nick/Documents/student_xohw18-222_Nikolaos_Bellas_20180630_1/Hog_System_Zynq/Hog_System.srcs/sources_1/bd/design_1/ipshared/df1b/hdl/axi_protocol_converter_v2_1_vl_rfs.v:2276]
INFO: [Synth 8-256] done synthesizing module 'axi_protocol_converter_v2_1_11_b_downsizer' (1#1) [/home/nick/Documents/student_xohw18-222_Nikolaos_Bellas_20180630_1/Hog_System_Zynq/Hog_System.srcs/sources_1/bd/design_1/ipshared/df1b/hdl/axi_protocol_converter_v2_1_vl_rfs.v:2276]
INFO: [Synth 8-638] synthesizing module 'axi_protocol_converter_v2_1_11_a_axi3_conv' [/home/nick/Documents/student_xohw18-222_Nikolaos_Bellas_20180630_1/Hog_System_Zynq/Hog_System.srcs/sources_1/bd/design_1/ipshared/df1b/hdl/axi_protocol_converter_v2_1_vl_rfs.v:62]
INFO: [Synth 8-638] synthesizing module 'axi_data_fifo_v2_1_10_axic_fifo' [/home/nick/Documents/student_xohw18-222_Nikolaos_Bellas_20180630_1/Hog_System_Zynq/Hog_System.srcs/sources_1/bd/design_1/ipshared/39ba/hdl/axi_data_fifo_v2_1_vl_rfs.v:64]
INFO: [Synth 8-638] synthesizing module 'axi_data_fifo_v2_1_10_fifo_gen' [/home/nick/Documents/student_xohw18-222_Nikolaos_Bellas_20180630_1/Hog_System_Zynq/Hog_System.srcs/sources_1/bd/design_1/ipshared/39ba/hdl/axi_data_fifo_v2_1_vl_rfs.v:168]
INFO: [Synth 8-256] done synthesizing module 'axi_data_fifo_v2_1_10_fifo_gen' (20#1) [/home/nick/Documents/student_xohw18-222_Nikolaos_Bellas_20180630_1/Hog_System_Zynq/Hog_System.srcs/sources_1/bd/design_1/ipshared/39ba/hdl/axi_data_fifo_v2_1_vl_rfs.v:168]
INFO: [Synth 8-256] done synthesizing module 'axi_data_fifo_v2_1_10_axic_fifo' (21#1) [/home/nick/Documents/student_xohw18-222_Nikolaos_Bellas_20180630_1/Hog_System_Zynq/Hog_System.srcs/sources_1/bd/design_1/ipshared/39ba/hdl/axi_data_fifo_v2_1_vl_rfs.v:64]
INFO: [Synth 8-638] synthesizing module 'axi_data_fifo_v2_1_10_axic_fifo__parameterized0' [/home/nick/Documents/student_xohw18-222_Nikolaos_Bellas_20180630_1/Hog_System_Zynq/Hog_System.srcs/sources_1/bd/design_1/ipshared/39ba/hdl/axi_data_fifo_v2_1_vl_rfs.v:64]
INFO: [Synth 8-638] synthesizing module 'axi_data_fifo_v2_1_10_fifo_gen__parameterized0' [/home/nick/Documents/student_xohw18-222_Nikolaos_Bellas_20180630_1/Hog_System_Zynq/Hog_System.srcs/sources_1/bd/design_1/ipshared/39ba/hdl/axi_data_fifo_v2_1_vl_rfs.v:168]
INFO: [Synth 8-256] done synthesizing module 'axi_data_fifo_v2_1_10_fifo_gen__parameterized0' (21#1) [/home/nick/Documents/student_xohw18-222_Nikolaos_Bellas_20180630_1/Hog_System_Zynq/Hog_System.srcs/sources_1/bd/design_1/ipshared/39ba/hdl/axi_data_fifo_v2_1_vl_rfs.v:168]
INFO: [Synth 8-256] done synthesizing module 'axi_data_fifo_v2_1_10_axic_fifo__parameterized0' (21#1) [/home/nick/Documents/student_xohw18-222_Nikolaos_Bellas_20180630_1/Hog_System_Zynq/Hog_System.srcs/sources_1/bd/design_1/ipshared/39ba/hdl/axi_data_fifo_v2_1_vl_rfs.v:64]
INFO: [Synth 8-256] done synthesizing module 'axi_protocol_converter_v2_1_11_a_axi3_conv' (22#1) [/home/nick/Documents/student_xohw18-222_Nikolaos_Bellas_20180630_1/Hog_System_Zynq/Hog_System.srcs/sources_1/bd/design_1/ipshared/df1b/hdl/axi_protocol_converter_v2_1_vl_rfs.v:62]
INFO: [Synth 8-638] synthesizing module 'axi_protocol_converter_v2_1_11_w_axi3_conv' [/home/nick/Documents/student_xohw18-222_Nikolaos_Bellas_20180630_1/Hog_System_Zynq/Hog_System.srcs/sources_1/bd/design_1/ipshared/df1b/hdl/axi_protocol_converter_v2_1_vl_rfs.v:2004]
INFO: [Synth 8-256] done synthesizing module 'axi_protocol_converter_v2_1_11_w_axi3_conv' (23#1) [/home/nick/Documents/student_xohw18-222_Nikolaos_Bellas_20180630_1/Hog_System_Zynq/Hog_System.srcs/sources_1/bd/design_1/ipshared/df1b/hdl/axi_protocol_converter_v2_1_vl_rfs.v:2004]
INFO: [Synth 8-638] synthesizing module 'axi_protocol_converter_v2_1_11_a_axi3_conv__parameterized0' [/home/nick/Documents/student_xohw18-222_Nikolaos_Bellas_20180630_1/Hog_System_Zynq/Hog_System.srcs/sources_1/bd/design_1/ipshared/df1b/hdl/axi_protocol_converter_v2_1_vl_rfs.v:62]
INFO: [Synth 8-638] synthesizing module 'axi_data_fifo_v2_1_10_axic_fifo__parameterized1' [/home/nick/Documents/student_xohw18-222_Nikolaos_Bellas_20180630_1/Hog_System_Zynq/Hog_System.srcs/sources_1/bd/design_1/ipshared/39ba/hdl/axi_data_fifo_v2_1_vl_rfs.v:64]
INFO: [Synth 8-638] synthesizing module 'axi_data_fifo_v2_1_10_fifo_gen__parameterized1' [/home/nick/Documents/student_xohw18-222_Nikolaos_Bellas_20180630_1/Hog_System_Zynq/Hog_System.srcs/sources_1/bd/design_1/ipshared/39ba/hdl/axi_data_fifo_v2_1_vl_rfs.v:168]
INFO: [Synth 8-256] done synthesizing module 'axi_data_fifo_v2_1_10_fifo_gen__parameterized1' (23#1) [/home/nick/Documents/student_xohw18-222_Nikolaos_Bellas_20180630_1/Hog_System_Zynq/Hog_System.srcs/sources_1/bd/design_1/ipshared/39ba/hdl/axi_data_fifo_v2_1_vl_rfs.v:168]
INFO: [Synth 8-256] done synthesizing module 'axi_data_fifo_v2_1_10_axic_fifo__parameterized1' (23#1) [/home/nick/Documents/student_xohw18-222_Nikolaos_Bellas_20180630_1/Hog_System_Zynq/Hog_System.srcs/sources_1/bd/design_1/ipshared/39ba/hdl/axi_data_fifo_v2_1_vl_rfs.v:64]
INFO: [Synth 8-256] done synthesizing module 'axi_protocol_converter_v2_1_11_a_axi3_conv__parameterized0' (23#1) [/home/nick/Documents/student_xohw18-222_Nikolaos_Bellas_20180630_1/Hog_System_Zynq/Hog_System.srcs/sources_1/bd/design_1/ipshared/df1b/hdl/axi_protocol_converter_v2_1_vl_rfs.v:62]
INFO: [Synth 8-638] synthesizing module 'axi_protocol_converter_v2_1_11_r_axi3_conv' [/home/nick/Documents/student_xohw18-222_Nikolaos_Bellas_20180630_1/Hog_System_Zynq/Hog_System.srcs/sources_1/bd/design_1/ipshared/df1b/hdl/axi_protocol_converter_v2_1_vl_rfs.v:1789]
INFO: [Synth 8-256] done synthesizing module 'axi_protocol_converter_v2_1_11_r_axi3_conv' (24#1) [/home/nick/Documents/student_xohw18-222_Nikolaos_Bellas_20180630_1/Hog_System_Zynq/Hog_System.srcs/sources_1/bd/design_1/ipshared/df1b/hdl/axi_protocol_converter_v2_1_vl_rfs.v:1789]
INFO: [Synth 8-256] done synthesizing module 'axi_protocol_converter_v2_1_11_axi3_conv' (25#1) [/home/nick/Documents/student_xohw18-222_Nikolaos_Bellas_20180630_1/Hog_System_Zynq/Hog_System.srcs/sources_1/bd/design_1/ipshared/df1b/hdl/axi_protocol_converter_v2_1_vl_rfs.v:954]
INFO: [Synth 8-256] done synthesizing module 'axi_protocol_converter_v2_1_11_axi_protocol_converter' (26#1) [/home/nick/Documents/student_xohw18-222_Nikolaos_Bellas_20180630_1/Hog_System_Zynq/Hog_System.srcs/sources_1/bd/design_1/ipshared/df1b/hdl/axi_protocol_converter_v2_1_vl_rfs.v:4806]
INFO: [Synth 8-256] done synthesizing module 'design_1_auto_pc_3' (27#1) [/home/nick/Documents/student_xohw18-222_Nikolaos_Bellas_20180630_1/Hog_System_Zynq/Hog_System.srcs/sources_1/bd/design_1/ip/design_1_auto_pc_3/synth/design_1_auto_pc_3.v:58]
Finished RTL Elaboration : Time (s): cpu = 00:00:32 ; elapsed = 00:00:33 . Memory (MB): peak = 1193.035 ; gain = 262.555 ; free physical = 1520 ; free virtual = 10950
Finished RTL Optimization Phase 1 : Time (s): cpu = 00:00:33 ; elapsed = 00:00:33 . Memory (MB): peak = 1193.035 ; gain = 262.555 ; free physical = 1519 ; free virtual = 10950
INFO: [Device 21-403] Loading part xc7z020clg484-1
Constraint Validation Runtime : Time (s): cpu = 00:00:00.04 ; elapsed = 00:00:00.03 . Memory (MB): peak = 1500.871 ; gain = 0.000 ; free physical = 1311 ; free virtual = 10743
Finished Constraint Validation : Time (s): cpu = 00:00:41 ; elapsed = 00:01:22 . Memory (MB): peak = 1500.871 ; gain = 570.391 ; free physical = 1310 ; free virtual = 10743
Finished Loading Part and Timing Information : Time (s): cpu = 00:00:41 ; elapsed = 00:01:22 . Memory (MB): peak = 1500.871 ; gain = 570.391 ; free physical = 1310 ; free virtual = 10743
Finished applying 'set_property' XDC Constraints : Time (s): cpu = 00:00:41 ; elapsed = 00:01:22 . Memory (MB): peak = 1500.871 ; gain = 570.391 ; free physical = 1310 ; free virtual = 10743
Finished RTL Optimization Phase 2 : Time (s): cpu = 00:00:42 ; elapsed = 00:01:23 . Memory (MB): peak = 1500.871 ; gain = 570.391 ; free physical = 1302 ; free virtual = 10735
Finished Cross Boundary and Area Optimization : Time (s): cpu = 00:00:44 ; elapsed = 00:01:24 . Memory (MB): peak = 1500.871 ; gain = 570.391 ; free physical = 1286 ; free virtual = 10718
---------------------------------------------------------------------------------
Start ROM, RAM, DSP and Shift Register Reporting
---------------------------------------------------------------------------------

Distributed RAM: Preliminary Mapping  Report (see note below)
+-----------------------+-------------------------------------------------------------------------------+----------------+----------------------+----------------+
|Module Name            | RTL Object                                                                    | Inference      | Size (Depth x Width) | Primitives     | 
+-----------------------+-------------------------------------------------------------------------------+----------------+----------------------+----------------+
|fifo_generator_v13_1_3 | inst_fifo_gen/gconvfifo.rf/grf.rf/gntv_or_sync_fifo.mem/gdm.dm_gen.dm/RAM_reg | User Attribute | 32 x 7               | RAM32M x 2     | 
|fifo_generator_v13_1_3 | inst_fifo_gen/gconvfifo.rf/grf.rf/gntv_or_sync_fifo.mem/gdm.dm_gen.dm/RAM_reg | User Attribute | 32 x 5               | RAM32M x 1     | 
|fifo_generator_v13_1_3 | inst_fifo_gen/gconvfifo.rf/grf.rf/gntv_or_sync_fifo.mem/gdm.dm_gen.dm/RAM_reg | User Attribute | 32 x 1               | RAM32X1D x 1   | 
+-----------------------+-------------------------------------------------------------------------------+----------------+----------------------+----------------+

Note: The table above is a preliminary report that shows the Distributed RAMs at the current stage of the synthesis flow. Some Distributed RAMs may be reimplemented as non Distributed RAM primitives later in the synthesis flow. Multiple instantiated RAMs are reported only once.
---------------------------------------------------------------------------------
Finished ROM, RAM, DSP and Shift Register Reporting
---------------------------------------------------------------------------------
Finished Applying XDC Timing Constraints : Time (s): cpu = 00:00:51 ; elapsed = 00:01:31 . Memory (MB): peak = 1500.871 ; gain = 570.391 ; free physical = 1132 ; free virtual = 10565
Finished Timing Optimization : Time (s): cpu = 00:00:52 ; elapsed = 00:01:32 . Memory (MB): peak = 1500.871 ; gain = 570.391 ; free physical = 1101 ; free virtual = 10534
Finished Technology Mapping : Time (s): cpu = 00:00:52 ; elapsed = 00:01:33 . Memory (MB): peak = 1500.871 ; gain = 570.391 ; free physical = 1090 ; free virtual = 10523
Finished IO Insertion : Time (s): cpu = 00:00:52 ; elapsed = 00:01:33 . Memory (MB): peak = 1500.871 ; gain = 570.391 ; free physical = 1076 ; free virtual = 10508
Finished Renaming Generated Instances : Time (s): cpu = 00:00:52 ; elapsed = 00:01:33 . Memory (MB): peak = 1500.871 ; gain = 570.391 ; free physical = 1076 ; free virtual = 10508
Finished Rebuilding User Hierarchy : Time (s): cpu = 00:00:53 ; elapsed = 00:01:33 . Memory (MB): peak = 1500.871 ; gain = 570.391 ; free physical = 1076 ; free virtual = 10508
Finished Renaming Generated Ports : Time (s): cpu = 00:00:53 ; elapsed = 00:01:33 . Memory (MB): peak = 1500.871 ; gain = 570.391 ; free physical = 1076 ; free virtual = 10508
Finished Handling Custom Attributes : Time (s): cpu = 00:00:53 ; elapsed = 00:01:33 . Memory (MB): peak = 1500.871 ; gain = 570.391 ; free physical = 1076 ; free virtual = 10508
Finished Renaming Generated Nets : Time (s): cpu = 00:00:53 ; elapsed = 00:01:33 . Memory (MB): peak = 1500.871 ; gain = 570.391 ; free physical = 1076 ; free virtual = 10508

Report Cell Usage: 
+------+---------+------+
|      |Cell     |Count |
+------+---------+------+
|1     |CARRY4   |    16|
|2     |LUT1     |    22|
|3     |LUT2     |    54|
|4     |LUT3     |    55|
|5     |LUT4     |    76|
|6     |LUT5     |   161|
|7     |LUT6     |    79|
|8     |RAM32M   |     3|
|9     |RAM32X1D |     1|
|10    |FDCE     |    69|
|11    |FDPE     |    63|
|12    |FDRE     |   347|
|13    |FDSE     |     5|
+------+---------+------+
Finished Writing Synthesis Report : Time (s): cpu = 00:00:53 ; elapsed = 00:01:33 . Memory (MB): peak = 1500.871 ; gain = 570.391 ; free physical = 1076 ; free virtual = 10508
synth_design: Time (s): cpu = 00:00:52 ; elapsed = 00:01:32 . Memory (MB): peak = 1500.871 ; gain = 502.887 ; free physical = 1060 ; free virtual = 10493
