
*** Running vivado
    with args -log design_1_xbar_3.vds -m64 -product Vivado -mode batch -messageDb vivado.pb -notrace -source design_1_xbar_3.tcl

awk: symbol lookup error: awk: undefined symbol: mpfr_z_sub

****** Vivado v2016.4 (64-bit)
  **** SW Build 1756540 on Mon Jan 23 19:11:19 MST 2017
  **** IP Build 1755317 on Mon Jan 23 20:30:07 MST 2017
    ** Copyright 1986-2016 Xilinx, Inc. All Rights Reserved.

source design_1_xbar_3.tcl -notrace
awk: symbol lookup error: awk: undefined symbol: mpfr_z_sub
Starting RTL Elaboration : Time (s): cpu = 00:00:07 ; elapsed = 00:00:07 . Memory (MB): peak = 1075.559 ; gain = 145.086 ; free physical = 1471 ; free virtual = 10807
INFO: [Synth 8-638] synthesizing module 'design_1_xbar_3' [/home/nick/Documents/student_xohw18-222_Nikolaos_Bellas_20180630_1/Hog_System_Zynq/Hog_System.srcs/sources_1/bd/design_1/ip/design_1_xbar_3/synth/design_1_xbar_3.v:59]
INFO: [Synth 8-638] synthesizing module 'axi_crossbar_v2_1_12_axi_crossbar' [/home/nick/Documents/student_xohw18-222_Nikolaos_Bellas_20180630_1/Hog_System_Zynq/Hog_System.srcs/sources_1/bd/design_1/ipshared/896d/hdl/axi_crossbar_v2_1_vl_rfs.v:4882]
INFO: [Synth 8-638] synthesizing module 'axi_crossbar_v2_1_12_crossbar_sasd' [/home/nick/Documents/student_xohw18-222_Nikolaos_Bellas_20180630_1/Hog_System_Zynq/Hog_System.srcs/sources_1/bd/design_1/ipshared/896d/hdl/axi_crossbar_v2_1_vl_rfs.v:1240]
INFO: [Synth 8-638] synthesizing module 'axi_crossbar_v2_1_12_addr_decoder' [/home/nick/Documents/student_xohw18-222_Nikolaos_Bellas_20180630_1/Hog_System_Zynq/Hog_System.srcs/sources_1/bd/design_1/ipshared/896d/hdl/axi_crossbar_v2_1_vl_rfs.v:794]
INFO: [Synth 8-638] synthesizing module 'generic_baseblocks_v2_1_0_comparator_static' [/home/nick/Documents/student_xohw18-222_Nikolaos_Bellas_20180630_1/Hog_System_Zynq/Hog_System.srcs/sources_1/bd/design_1/ipshared/7ee0/hdl/generic_baseblocks_v2_1_vl_rfs.v:2133]
INFO: [Synth 8-638] synthesizing module 'generic_baseblocks_v2_1_0_carry_and' [/home/nick/Documents/student_xohw18-222_Nikolaos_Bellas_20180630_1/Hog_System_Zynq/Hog_System.srcs/sources_1/bd/design_1/ipshared/7ee0/hdl/generic_baseblocks_v2_1_vl_rfs.v:62]
INFO: [Synth 8-256] done synthesizing module 'generic_baseblocks_v2_1_0_carry_and' (1#1) [/home/nick/Documents/student_xohw18-222_Nikolaos_Bellas_20180630_1/Hog_System_Zynq/Hog_System.srcs/sources_1/bd/design_1/ipshared/7ee0/hdl/generic_baseblocks_v2_1_vl_rfs.v:62]
INFO: [Synth 8-256] done synthesizing module 'generic_baseblocks_v2_1_0_comparator_static' (2#1) [/home/nick/Documents/student_xohw18-222_Nikolaos_Bellas_20180630_1/Hog_System_Zynq/Hog_System.srcs/sources_1/bd/design_1/ipshared/7ee0/hdl/generic_baseblocks_v2_1_vl_rfs.v:2133]
INFO: [Synth 8-638] synthesizing module 'generic_baseblocks_v2_1_0_comparator_static__parameterized0' [/home/nick/Documents/student_xohw18-222_Nikolaos_Bellas_20180630_1/Hog_System_Zynq/Hog_System.srcs/sources_1/bd/design_1/ipshared/7ee0/hdl/generic_baseblocks_v2_1_vl_rfs.v:2133]
INFO: [Synth 8-256] done synthesizing module 'generic_baseblocks_v2_1_0_comparator_static__parameterized0' (2#1) [/home/nick/Documents/student_xohw18-222_Nikolaos_Bellas_20180630_1/Hog_System_Zynq/Hog_System.srcs/sources_1/bd/design_1/ipshared/7ee0/hdl/generic_baseblocks_v2_1_vl_rfs.v:2133]
INFO: [Synth 8-256] done synthesizing module 'axi_crossbar_v2_1_12_addr_decoder' (3#1) [/home/nick/Documents/student_xohw18-222_Nikolaos_Bellas_20180630_1/Hog_System_Zynq/Hog_System.srcs/sources_1/bd/design_1/ipshared/896d/hdl/axi_crossbar_v2_1_vl_rfs.v:794]
INFO: [Synth 8-638] synthesizing module 'axi_crossbar_v2_1_12_decerr_slave' [/home/nick/Documents/student_xohw18-222_Nikolaos_Bellas_20180630_1/Hog_System_Zynq/Hog_System.srcs/sources_1/bd/design_1/ipshared/896d/hdl/axi_crossbar_v2_1_vl_rfs.v:3500]
INFO: [Synth 8-256] done synthesizing module 'axi_crossbar_v2_1_12_decerr_slave' (4#1) [/home/nick/Documents/student_xohw18-222_Nikolaos_Bellas_20180630_1/Hog_System_Zynq/Hog_System.srcs/sources_1/bd/design_1/ipshared/896d/hdl/axi_crossbar_v2_1_vl_rfs.v:3500]
INFO: [Synth 8-638] synthesizing module 'axi_crossbar_v2_1_12_addr_arbiter_sasd' [/home/nick/Documents/student_xohw18-222_Nikolaos_Bellas_20180630_1/Hog_System_Zynq/Hog_System.srcs/sources_1/bd/design_1/ipshared/896d/hdl/axi_crossbar_v2_1_vl_rfs.v:65]
INFO: [Synth 8-256] done synthesizing module 'axi_crossbar_v2_1_12_addr_arbiter_sasd' (5#1) [/home/nick/Documents/student_xohw18-222_Nikolaos_Bellas_20180630_1/Hog_System_Zynq/Hog_System.srcs/sources_1/bd/design_1/ipshared/896d/hdl/axi_crossbar_v2_1_vl_rfs.v:65]
INFO: [Synth 8-638] synthesizing module 'axi_crossbar_v2_1_12_splitter' [/home/nick/Documents/student_xohw18-222_Nikolaos_Bellas_20180630_1/Hog_System_Zynq/Hog_System.srcs/sources_1/bd/design_1/ipshared/896d/hdl/axi_crossbar_v2_1_vl_rfs.v:4459]
INFO: [Synth 8-256] done synthesizing module 'axi_crossbar_v2_1_12_splitter' (6#1) [/home/nick/Documents/student_xohw18-222_Nikolaos_Bellas_20180630_1/Hog_System_Zynq/Hog_System.srcs/sources_1/bd/design_1/ipshared/896d/hdl/axi_crossbar_v2_1_vl_rfs.v:4459]
INFO: [Synth 8-638] synthesizing module 'axi_crossbar_v2_1_12_splitter__parameterized0' [/home/nick/Documents/student_xohw18-222_Nikolaos_Bellas_20180630_1/Hog_System_Zynq/Hog_System.srcs/sources_1/bd/design_1/ipshared/896d/hdl/axi_crossbar_v2_1_vl_rfs.v:4459]
INFO: [Synth 8-256] done synthesizing module 'axi_crossbar_v2_1_12_splitter__parameterized0' (6#1) [/home/nick/Documents/student_xohw18-222_Nikolaos_Bellas_20180630_1/Hog_System_Zynq/Hog_System.srcs/sources_1/bd/design_1/ipshared/896d/hdl/axi_crossbar_v2_1_vl_rfs.v:4459]
INFO: [Synth 8-638] synthesizing module 'generic_baseblocks_v2_1_0_mux_enc' [/home/nick/Documents/student_xohw18-222_Nikolaos_Bellas_20180630_1/Hog_System_Zynq/Hog_System.srcs/sources_1/bd/design_1/ipshared/7ee0/hdl/generic_baseblocks_v2_1_vl_rfs.v:2452]
INFO: [Synth 8-256] done synthesizing module 'generic_baseblocks_v2_1_0_mux_enc' (7#1) [/home/nick/Documents/student_xohw18-222_Nikolaos_Bellas_20180630_1/Hog_System_Zynq/Hog_System.srcs/sources_1/bd/design_1/ipshared/7ee0/hdl/generic_baseblocks_v2_1_vl_rfs.v:2452]
INFO: [Synth 8-638] synthesizing module 'generic_baseblocks_v2_1_0_mux_enc__parameterized0' [/home/nick/Documents/student_xohw18-222_Nikolaos_Bellas_20180630_1/Hog_System_Zynq/Hog_System.srcs/sources_1/bd/design_1/ipshared/7ee0/hdl/generic_baseblocks_v2_1_vl_rfs.v:2452]
INFO: [Synth 8-256] done synthesizing module 'generic_baseblocks_v2_1_0_mux_enc__parameterized0' (7#1) [/home/nick/Documents/student_xohw18-222_Nikolaos_Bellas_20180630_1/Hog_System_Zynq/Hog_System.srcs/sources_1/bd/design_1/ipshared/7ee0/hdl/generic_baseblocks_v2_1_vl_rfs.v:2452]
INFO: [Synth 8-638] synthesizing module 'generic_baseblocks_v2_1_0_mux_enc__parameterized1' [/home/nick/Documents/student_xohw18-222_Nikolaos_Bellas_20180630_1/Hog_System_Zynq/Hog_System.srcs/sources_1/bd/design_1/ipshared/7ee0/hdl/generic_baseblocks_v2_1_vl_rfs.v:2452]
INFO: [Synth 8-256] done synthesizing module 'generic_baseblocks_v2_1_0_mux_enc__parameterized1' (7#1) [/home/nick/Documents/student_xohw18-222_Nikolaos_Bellas_20180630_1/Hog_System_Zynq/Hog_System.srcs/sources_1/bd/design_1/ipshared/7ee0/hdl/generic_baseblocks_v2_1_vl_rfs.v:2452]
INFO: [Synth 8-638] synthesizing module 'generic_baseblocks_v2_1_0_mux_enc__parameterized2' [/home/nick/Documents/student_xohw18-222_Nikolaos_Bellas_20180630_1/Hog_System_Zynq/Hog_System.srcs/sources_1/bd/design_1/ipshared/7ee0/hdl/generic_baseblocks_v2_1_vl_rfs.v:2452]
INFO: [Synth 8-256] done synthesizing module 'generic_baseblocks_v2_1_0_mux_enc__parameterized2' (7#1) [/home/nick/Documents/student_xohw18-222_Nikolaos_Bellas_20180630_1/Hog_System_Zynq/Hog_System.srcs/sources_1/bd/design_1/ipshared/7ee0/hdl/generic_baseblocks_v2_1_vl_rfs.v:2452]
INFO: [Synth 8-638] synthesizing module 'axi_register_slice_v2_1_11_axic_register_slice' [/home/nick/Documents/student_xohw18-222_Nikolaos_Bellas_20180630_1/Hog_System_Zynq/Hog_System.srcs/sources_1/bd/design_1/ipshared/0b6b/hdl/axi_register_slice_v2_1_vl_rfs.v:85]
INFO: [Synth 8-256] done synthesizing module 'axi_register_slice_v2_1_11_axic_register_slice' (8#1) [/home/nick/Documents/student_xohw18-222_Nikolaos_Bellas_20180630_1/Hog_System_Zynq/Hog_System.srcs/sources_1/bd/design_1/ipshared/0b6b/hdl/axi_register_slice_v2_1_vl_rfs.v:85]
INFO: [Synth 8-638] synthesizing module 'generic_baseblocks_v2_1_0_mux_enc__parameterized3' [/home/nick/Documents/student_xohw18-222_Nikolaos_Bellas_20180630_1/Hog_System_Zynq/Hog_System.srcs/sources_1/bd/design_1/ipshared/7ee0/hdl/generic_baseblocks_v2_1_vl_rfs.v:2452]
INFO: [Synth 8-256] done synthesizing module 'generic_baseblocks_v2_1_0_mux_enc__parameterized3' (8#1) [/home/nick/Documents/student_xohw18-222_Nikolaos_Bellas_20180630_1/Hog_System_Zynq/Hog_System.srcs/sources_1/bd/design_1/ipshared/7ee0/hdl/generic_baseblocks_v2_1_vl_rfs.v:2452]
INFO: [Synth 8-256] done synthesizing module 'axi_crossbar_v2_1_12_crossbar_sasd' (9#1) [/home/nick/Documents/student_xohw18-222_Nikolaos_Bellas_20180630_1/Hog_System_Zynq/Hog_System.srcs/sources_1/bd/design_1/ipshared/896d/hdl/axi_crossbar_v2_1_vl_rfs.v:1240]
INFO: [Synth 8-256] done synthesizing module 'axi_crossbar_v2_1_12_axi_crossbar' (10#1) [/home/nick/Documents/student_xohw18-222_Nikolaos_Bellas_20180630_1/Hog_System_Zynq/Hog_System.srcs/sources_1/bd/design_1/ipshared/896d/hdl/axi_crossbar_v2_1_vl_rfs.v:4882]
INFO: [Synth 8-256] done synthesizing module 'design_1_xbar_3' (11#1) [/home/nick/Documents/student_xohw18-222_Nikolaos_Bellas_20180630_1/Hog_System_Zynq/Hog_System.srcs/sources_1/bd/design_1/ip/design_1_xbar_3/synth/design_1_xbar_3.v:59]
Finished RTL Elaboration : Time (s): cpu = 00:00:10 ; elapsed = 00:00:10 . Memory (MB): peak = 1197.027 ; gain = 266.555 ; free physical = 1192 ; free virtual = 10528
Finished RTL Optimization Phase 1 : Time (s): cpu = 00:00:10 ; elapsed = 00:00:11 . Memory (MB): peak = 1197.027 ; gain = 266.555 ; free physical = 1192 ; free virtual = 10528
INFO: [Device 21-403] Loading part xc7z020clg484-1
Constraint Validation Runtime : Time (s): cpu = 00:00:00.04 ; elapsed = 00:00:00.03 . Memory (MB): peak = 1497.863 ; gain = 0.000 ; free physical = 1953 ; free virtual = 11326
Finished Constraint Validation : Time (s): cpu = 00:00:20 ; elapsed = 00:01:00 . Memory (MB): peak = 1497.863 ; gain = 567.391 ; free physical = 1824 ; free virtual = 11209
Finished Loading Part and Timing Information : Time (s): cpu = 00:00:20 ; elapsed = 00:01:00 . Memory (MB): peak = 1497.863 ; gain = 567.391 ; free physical = 1824 ; free virtual = 11208
Finished applying 'set_property' XDC Constraints : Time (s): cpu = 00:00:20 ; elapsed = 00:01:00 . Memory (MB): peak = 1497.863 ; gain = 567.391 ; free physical = 1822 ; free virtual = 11207
Finished RTL Optimization Phase 2 : Time (s): cpu = 00:00:20 ; elapsed = 00:01:01 . Memory (MB): peak = 1497.863 ; gain = 567.391 ; free physical = 1800 ; free virtual = 11185
Finished Cross Boundary and Area Optimization : Time (s): cpu = 00:00:21 ; elapsed = 00:01:01 . Memory (MB): peak = 1497.863 ; gain = 567.391 ; free physical = 1774 ; free virtual = 11158
Finished Applying XDC Timing Constraints : Time (s): cpu = 00:00:29 ; elapsed = 00:01:09 . Memory (MB): peak = 1497.863 ; gain = 567.391 ; free physical = 1752 ; free virtual = 11155
Finished Timing Optimization : Time (s): cpu = 00:00:29 ; elapsed = 00:01:09 . Memory (MB): peak = 1497.863 ; gain = 567.391 ; free physical = 1711 ; free virtual = 11114
Finished Technology Mapping : Time (s): cpu = 00:00:29 ; elapsed = 00:01:10 . Memory (MB): peak = 1497.863 ; gain = 567.391 ; free physical = 1702 ; free virtual = 11105
Finished IO Insertion : Time (s): cpu = 00:00:29 ; elapsed = 00:01:10 . Memory (MB): peak = 1497.863 ; gain = 567.391 ; free physical = 1699 ; free virtual = 11102
Finished Renaming Generated Instances : Time (s): cpu = 00:00:29 ; elapsed = 00:01:10 . Memory (MB): peak = 1497.863 ; gain = 567.391 ; free physical = 1699 ; free virtual = 11102
Finished Rebuilding User Hierarchy : Time (s): cpu = 00:00:29 ; elapsed = 00:01:10 . Memory (MB): peak = 1497.863 ; gain = 567.391 ; free physical = 1699 ; free virtual = 11102
Finished Renaming Generated Ports : Time (s): cpu = 00:00:29 ; elapsed = 00:01:10 . Memory (MB): peak = 1497.863 ; gain = 567.391 ; free physical = 1699 ; free virtual = 11102
Finished Handling Custom Attributes : Time (s): cpu = 00:00:29 ; elapsed = 00:01:10 . Memory (MB): peak = 1497.863 ; gain = 567.391 ; free physical = 1699 ; free virtual = 11102
Finished Renaming Generated Nets : Time (s): cpu = 00:00:29 ; elapsed = 00:01:10 . Memory (MB): peak = 1497.863 ; gain = 567.391 ; free physical = 1699 ; free virtual = 11102

Report Cell Usage: 
+------+-----+------+
|      |Cell |Count |
+------+-----+------+
|1     |LUT1 |     2|
|2     |LUT2 |    11|
|3     |LUT3 |     7|
|4     |LUT4 |    84|
|5     |LUT5 |    12|
|6     |LUT6 |    56|
|7     |FDRE |   130|
+------+-----+------+
Finished Writing Synthesis Report : Time (s): cpu = 00:00:29 ; elapsed = 00:01:10 . Memory (MB): peak = 1497.863 ; gain = 567.391 ; free physical = 1699 ; free virtual = 11102
synth_design: Time (s): cpu = 00:00:29 ; elapsed = 00:01:09 . Memory (MB): peak = 1497.863 ; gain = 499.887 ; free physical = 1686 ; free virtual = 11096
