Copyright 1986-2016 Xilinx, Inc. All Rights Reserved.
------------------------------------------------------------------------------------
| Tool Version : Vivado v.2016.4 (lin64) Build 1756540 Mon Jan 23 19:11:19 MST 2017
| Date         : Wed Jun 27 15:34:27 2018
| Host         : nick-laptop running 64-bit Ubuntu 16.04.4 LTS
| Command      : upgrade_ip
| Device       : xc7z020clg484-1
------------------------------------------------------------------------------------

Upgrade Log for IP 'design_1_hog_2_1'

1. Summary
----------

SUCCESS in the upgrade of design_1_hog_2_1 (xilinx.com:hls:hog:1.0) from (Rev. 1806202142) to (Rev. 1806271531)






Copyright 1986-2016 Xilinx, Inc. All Rights Reserved.
------------------------------------------------------------------------------------
| Tool Version : Vivado v.2016.4 (lin64) Build 1756540 Mon Jan 23 19:11:19 MST 2017
| Date         : Wed Jun 27 15:34:27 2018
| Host         : nick-laptop running 64-bit Ubuntu 16.04.4 LTS
| Command      : upgrade_ip
| Device       : xc7z020clg484-1
------------------------------------------------------------------------------------

Upgrade Log for IP 'design_1_hog_2_0'

1. Summary
----------

SUCCESS in the upgrade of design_1_hog_2_0 (xilinx.com:hls:hog:1.0) from (Rev. 1806202142) to (Rev. 1806271531)






Copyright 1986-2016 Xilinx, Inc. All Rights Reserved.
------------------------------------------------------------------------------------
| Tool Version : Vivado v.2016.4 (lin64) Build 1756540 Mon Jan 23 19:11:19 MST 2017
| Date         : Wed Jun 27 15:34:27 2018
| Host         : nick-laptop running 64-bit Ubuntu 16.04.4 LTS
| Command      : upgrade_ip
| Device       : xc7z020clg484-1
------------------------------------------------------------------------------------

Upgrade Log for IP 'design_1_hog_1_0'

1. Summary
----------

SUCCESS in the upgrade of design_1_hog_1_0 (xilinx.com:hls:hog:1.0) from (Rev. 1806202142) to (Rev. 1806271531)






Copyright 1986-2016 Xilinx, Inc. All Rights Reserved.
------------------------------------------------------------------------------------
| Tool Version : Vivado v.2016.4 (lin64) Build 1756540 Mon Jan 23 19:11:19 MST 2017
| Date         : Wed Jun 27 15:34:27 2018
| Host         : nick-laptop running 64-bit Ubuntu 16.04.4 LTS
| Command      : upgrade_ip
| Device       : xc7z020clg484-1
------------------------------------------------------------------------------------

Upgrade Log for IP 'design_1_hog_0_5'

1. Summary
----------

SUCCESS in the upgrade of design_1_hog_0_5 (xilinx.com:hls:hog:1.0) from (Rev. 1806202142) to (Rev. 1806271531)






Copyright 1986-2016 Xilinx, Inc. All Rights Reserved.
------------------------------------------------------------------------------------
| Tool Version : Vivado v.2016.4 (lin64) Build 1756540 Mon Jan 23 19:11:19 MST 2017
| Date         : Wed Jun 27 15:34:27 2018
| Host         : nick-laptop running 64-bit Ubuntu 16.04.4 LTS
| Command      : upgrade_ip
| Device       : xc7z020clg484-1
------------------------------------------------------------------------------------

Upgrade Log for IP 'design_1_hog_0_4'

1. Summary
----------

SUCCESS in the upgrade of design_1_hog_0_4 (xilinx.com:hls:hog:1.0) from (Rev. 1806202142) to (Rev. 1806271531)






Copyright 1986-2016 Xilinx, Inc. All Rights Reserved.
------------------------------------------------------------------------------------
| Tool Version : Vivado v.2016.4 (lin64) Build 1756540 Mon Jan 23 19:11:19 MST 2017
| Date         : Wed Jun 27 15:34:27 2018
| Host         : nick-laptop running 64-bit Ubuntu 16.04.4 LTS
| Command      : upgrade_ip
| Device       : xc7z020clg484-1
------------------------------------------------------------------------------------

Upgrade Log for IP 'design_1_hog_0_3'

1. Summary
----------

SUCCESS in the upgrade of design_1_hog_0_3 (xilinx.com:hls:hog:1.0) from (Rev. 1806202142) to (Rev. 1806271531)






Copyright 1986-2016 Xilinx, Inc. All Rights Reserved.
------------------------------------------------------------------------------------
| Tool Version : Vivado v.2016.4 (lin64) Build 1756540 Mon Jan 23 19:11:19 MST 2017
| Date         : Wed Jun 27 15:34:26 2018
| Host         : nick-laptop running 64-bit Ubuntu 16.04.4 LTS
| Command      : upgrade_ip
| Device       : xc7z020clg484-1
------------------------------------------------------------------------------------

Upgrade Log for IP 'design_1_hog_0_2'

1. Summary
----------

SUCCESS in the upgrade of design_1_hog_0_2 (xilinx.com:hls:hog:1.0) from (Rev. 1806202142) to (Rev. 1806271531)






Copyright 1986-2016 Xilinx, Inc. All Rights Reserved.
------------------------------------------------------------------------------------
| Tool Version : Vivado v.2016.4 (lin64) Build 1756540 Mon Jan 23 19:11:19 MST 2017
| Date         : Wed Jun 27 15:34:26 2018
| Host         : nick-laptop running 64-bit Ubuntu 16.04.4 LTS
| Command      : upgrade_ip
| Device       : xc7z020clg484-1
------------------------------------------------------------------------------------

Upgrade Log for IP 'design_1_hog_0_0'

1. Summary
----------

SUCCESS in the upgrade of design_1_hog_0_0 (xilinx.com:hls:hog:1.0) from (Rev. 1806202142) to (Rev. 1806271531)

