#-----------------------------------------------------------
# Vivado v2016.4 (64-bit)
# SW Build 1756540 on Mon Jan 23 19:11:19 MST 2017
# IP Build 1755317 on Mon Jan 23 20:30:07 MST 2017
# Start of session at: Wed Jun 27 15:33:25 2018
# Process ID: 13839
# Current directory: /home/nick/Documents/student_xohw18-222_Nikolaos_Bellas_20180630_1/Hog_System_Zynq
# Command line: vivado Hog_System.xpr
# Log file: /home/nick/Documents/student_xohw18-222_Nikolaos_Bellas_20180630_1/Hog_System_Zynq/vivado.log
# Journal file: /home/nick/Documents/student_xohw18-222_Nikolaos_Bellas_20180630_1/Hog_System_Zynq/vivado.jou
#-----------------------------------------------------------
start_gui
open_project Hog_System.xpr
INFO: [Project 1-313] Project file moved from '/home/nick/Documents/Hog_System' since last save.
Scanning sources...
Finished scanning sources
INFO: [filemgmt 56-1] IP Repository Path: Directory not found as '/home/nick/Documents/student_xohw18-222_Nikolaos_Bellas_20180630_1/HOG_16/ip_repo/axi_dispctrl_1.0'; using path '/home/nick/Documents/HOG_16/ip_repo/axi_dispctrl_1.0' instead.
INFO: [filemgmt 56-1] IP Repository Path: Directory not found as '/home/nick/Documents/student_xohw18-222_Nikolaos_Bellas_20180630_1/HOG_HLS_NEW/HOG_test_lite_axi/HOG_proj/solution2'; using path '/home/nick/Documents/HOG_HLS_NEW/HOG_test_lite_axi/HOG_proj/solution2' instead.
INFO: [IP_Flow 19-234] Refreshing IP repositories
INFO: [IP_Flow 19-1700] Loaded user IP repository '/home/nick/Documents/HOG_16/ip_repo/axi_dispctrl_1.0'.
INFO: [IP_Flow 19-1700] Loaded user IP repository '/home/nick/Documents/HOG_HLS_NEW/HOG_test_lite_axi/HOG_proj/solution2'.
INFO: [IP_Flow 19-2313] Loaded Vivado IP repository '/opt/Xilinx/Vivado/2016.4/data/ip'.
open_bd_design {/home/nick/Documents/student_xohw18-222_Nikolaos_Bellas_20180630_1/Hog_System_Zynq/Hog_System.srcs/sources_1/bd/design_1/design_1.bd}
Adding cell -- xilinx.com:ip:processing_system7:5.5 - processing_system7_0
Adding cell -- Digilent:digilent:axi_dispctrl:1.0 - axi_dispctrl_0
Adding cell -- xilinx.com:ip:axi_vdma:6.2 - axi_vdma_0
Adding cell -- xilinx.com:ip:proc_sys_reset:5.0 - rst_ps7_0_100M
Adding cell -- xilinx.com:ip:proc_sys_reset:5.0 - proc_sys_reset_0
Adding cell -- xilinx.com:ip:xlconstant:1.1 - xlconstant_0
Adding cell -- xilinx.com:ip:proc_sys_reset:5.0 - rst_ps7_0_100M1
Adding cell -- xilinx.com:hls:hog:1.0 - hog_0
Adding cell -- xilinx.com:hls:hog:1.0 - hog_2
Adding cell -- xilinx.com:hls:hog:1.0 - hog_3
Adding cell -- xilinx.com:hls:hog:1.0 - hog_4
Adding cell -- xilinx.com:hls:hog:1.0 - hog_5
Adding cell -- xilinx.com:hls:hog:1.0 - hog_1
Adding cell -- xilinx.com:hls:hog:1.0 - hog_6
Adding cell -- xilinx.com:hls:hog:1.0 - hog_7
Adding cell -- xilinx.com:ip:axi_crossbar:2.1 - xbar
Adding cell -- xilinx.com:ip:axi_protocol_converter:2.1 - auto_pc
Adding cell -- xilinx.com:ip:axi_dwidth_converter:2.1 - auto_us
Adding cell -- xilinx.com:ip:axi_dwidth_converter:2.1 - auto_us
Adding cell -- xilinx.com:ip:axi_dwidth_converter:2.1 - auto_us
Adding cell -- xilinx.com:ip:axi_dwidth_converter:2.1 - auto_us
Adding cell -- xilinx.com:ip:axi_dwidth_converter:2.1 - auto_us
Adding cell -- xilinx.com:ip:axi_dwidth_converter:2.1 - auto_us
Adding cell -- xilinx.com:ip:axi_dwidth_converter:2.1 - auto_us
Adding cell -- xilinx.com:ip:axi_dwidth_converter:2.1 - auto_us
Adding cell -- xilinx.com:ip:axi_crossbar:2.1 - xbar
Adding cell -- xilinx.com:ip:axi_protocol_converter:2.1 - auto_pc
Adding cell -- xilinx.com:ip:axi_crossbar:2.1 - xbar
Adding cell -- xilinx.com:ip:axi_protocol_converter:2.1 - auto_pc
Adding cell -- xilinx.com:ip:axi_protocol_converter:2.1 - auto_pc
Successfully read diagram <design_1> from BD file </home/nick/Documents/student_xohw18-222_Nikolaos_Bellas_20180630_1/Hog_System_Zynq/Hog_System.srcs/sources_1/bd/design_1/design_1.bd>
WARNING: [IP_Flow 19-3899] Cannot get the environment domain name variable for the component vendor name. Setting the vendor name to 'user.org'.
set_property  ip_repo_paths  /home/nick/Documents/HOG_HLS_NEW/HOG_test_lite_axi/HOG_proj/solution2 [current_project]
update_ip_catalog
INFO: [IP_Flow 19-234] Refreshing IP repositories
INFO: [IP_Flow 19-1700] Loaded user IP repository '/home/nick/Documents/HOG_HLS_NEW/HOG_test_lite_axi/HOG_proj/solution2'.
WARNING: [IP_Flow 19-3899] Cannot get the environment domain name variable for the component vendor name. Setting the vendor name to 'user.org'.
set_property  ip_repo_paths  {} [current_project]
update_ip_catalog
INFO: [IP_Flow 19-234] Refreshing IP repositories
INFO: [IP_Flow 19-1704] No user IP repositories specified
WARNING: [IP_Flow 19-3899] Cannot get the environment domain name variable for the component vendor name. Setting the vendor name to 'user.org'.
set_property  ip_repo_paths  /home/nick/Documents/student_xohw18-222_Nikolaos_Bellas_20180630_1/ip [current_project]
update_ip_catalog
INFO: [IP_Flow 19-234] Refreshing IP repositories
INFO: [IP_Flow 19-1700] Loaded user IP repository '/home/nick/Documents/student_xohw18-222_Nikolaos_Bellas_20180630_1/ip'.
WARNING: [IP_Flow 19-3899] Cannot get the environment domain name variable for the component vendor name. Setting the vendor name to 'user.org'.
WARNING: [IP_Flow 19-3899] Cannot get the environment domain name variable for the component vendor name. Setting the vendor name to 'user.org'.
WARNING: [IP_Flow 19-3899] Cannot get the environment domain name variable for the component vendor name. Setting the vendor name to 'user.org'.
report_ip_status -name ip_status 
upgrade_ip [get_ips  {design_1_hog_0_0 design_1_hog_0_3 design_1_hog_0_2 design_1_hog_1_0 design_1_hog_0_5 design_1_hog_2_1 design_1_hog_0_4 design_1_hog_2_0}] -log ip_upgrade.log
Upgrading '/home/nick/Documents/student_xohw18-222_Nikolaos_Bellas_20180630_1/Hog_System_Zynq/Hog_System.srcs/sources_1/bd/design_1/design_1.bd'
INFO: [IP_Flow 19-3422] Upgraded design_1_hog_0_0 (Hog 1.0) from revision 1806202142 to revision 1806271531
INFO: [IP_Flow 19-3422] Upgraded design_1_hog_0_2 (Hog 1.0) from revision 1806202142 to revision 1806271531
INFO: [IP_Flow 19-3422] Upgraded design_1_hog_0_3 (Hog 1.0) from revision 1806202142 to revision 1806271531
INFO: [IP_Flow 19-3422] Upgraded design_1_hog_0_4 (Hog 1.0) from revision 1806202142 to revision 1806271531
INFO: [IP_Flow 19-3422] Upgraded design_1_hog_0_5 (Hog 1.0) from revision 1806202142 to revision 1806271531
INFO: [IP_Flow 19-3422] Upgraded design_1_hog_1_0 (Hog 1.0) from revision 1806202142 to revision 1806271531
INFO: [IP_Flow 19-3422] Upgraded design_1_hog_2_0 (Hog 1.0) from revision 1806202142 to revision 1806271531
INFO: [IP_Flow 19-3422] Upgraded design_1_hog_2_1 (Hog 1.0) from revision 1806202142 to revision 1806271531
Wrote  : </home/nick/Documents/student_xohw18-222_Nikolaos_Bellas_20180630_1/Hog_System_Zynq/Hog_System.srcs/sources_1/bd/design_1/design_1.bd> 
Wrote  : </home/nick/Documents/student_xohw18-222_Nikolaos_Bellas_20180630_1/Hog_System_Zynq/Hog_System.srcs/sources_1/bd/design_1/ui/bd_1f5defd0.ui> 
INFO: [Coretcl 2-1525] Wrote upgrade log to '/home/nick/Documents/student_xohw18-222_Nikolaos_Bellas_20180630_1/Hog_System_Zynq/ip_upgrade.log'.
export_ip_user_files -of_objects [get_ips {design_1_hog_0_0 design_1_hog_0_3 design_1_hog_0_2 design_1_hog_1_0 design_1_hog_0_5 design_1_hog_2_1 design_1_hog_0_4 design_1_hog_2_0}] -no_script -sync -force -quiet
report_ip_status -name ip_status 
regenerate_bd_layout
save_bd_design
Wrote  : </home/nick/Documents/student_xohw18-222_Nikolaos_Bellas_20180630_1/Hog_System_Zynq/Hog_System.srcs/sources_1/bd/design_1/ui/bd_1f5defd0.ui> 
exit
INFO: [Common 17-206] Exiting Vivado at Wed Jun 27 15:35:13 2018...
