
*** Running vivado
    with args -log design_1_auto_pc_0.vds -m64 -product Vivado -mode batch -messageDb vivado.pb -notrace -source design_1_auto_pc_0.tcl

awk: symbol lookup error: awk: undefined symbol: mpfr_z_sub

****** Vivado v2016.4 (64-bit)
  **** SW Build 1756540 on Mon Jan 23 19:11:19 MST 2017
  **** IP Build 1755317 on Mon Jan 23 20:30:07 MST 2017
    ** Copyright 1986-2016 Xilinx, Inc. All Rights Reserved.

source design_1_auto_pc_0.tcl -notrace
awk: symbol lookup error: awk: undefined symbol: mpfr_z_sub
Starting RTL Elaboration : Time (s): cpu = 00:00:06 ; elapsed = 00:00:06 . Memory (MB): peak = 1067.559 ; gain = 137.086 ; free physical = 4766 ; free virtual = 14434
INFO: [Synth 8-638] synthesizing module 'design_1_auto_pc_0' [/home/nick/Documents/student_xohw18-222_Nikolaos_Bellas_20180630_1/Hog_System_Zynq/Hog_System.srcs/sources_1/bd/design_1/ip/design_1_auto_pc_0/synth/design_1_auto_pc_0.v:58]
INFO: [Synth 8-638] synthesizing module 'axi_protocol_converter_v2_1_11_axi_protocol_converter' [/home/nick/Documents/student_xohw18-222_Nikolaos_Bellas_20180630_1/Hog_System_Zynq/Hog_System.srcs/sources_1/bd/design_1/ipshared/df1b/hdl/axi_protocol_converter_v2_1_vl_rfs.v:4806]
INFO: [Synth 8-638] synthesizing module 'axi_protocol_converter_v2_1_11_axi3_conv' [/home/nick/Documents/student_xohw18-222_Nikolaos_Bellas_20180630_1/Hog_System_Zynq/Hog_System.srcs/sources_1/bd/design_1/ipshared/df1b/hdl/axi_protocol_converter_v2_1_vl_rfs.v:954]
INFO: [Synth 8-638] synthesizing module 'axi_protocol_converter_v2_1_11_a_axi3_conv' [/home/nick/Documents/student_xohw18-222_Nikolaos_Bellas_20180630_1/Hog_System_Zynq/Hog_System.srcs/sources_1/bd/design_1/ipshared/df1b/hdl/axi_protocol_converter_v2_1_vl_rfs.v:62]
INFO: [Synth 8-638] synthesizing module 'axi_data_fifo_v2_1_10_axic_fifo' [/home/nick/Documents/student_xohw18-222_Nikolaos_Bellas_20180630_1/Hog_System_Zynq/Hog_System.srcs/sources_1/bd/design_1/ipshared/39ba/hdl/axi_data_fifo_v2_1_vl_rfs.v:64]
INFO: [Synth 8-638] synthesizing module 'axi_data_fifo_v2_1_10_fifo_gen' [/home/nick/Documents/student_xohw18-222_Nikolaos_Bellas_20180630_1/Hog_System_Zynq/Hog_System.srcs/sources_1/bd/design_1/ipshared/39ba/hdl/axi_data_fifo_v2_1_vl_rfs.v:168]
INFO: [Synth 8-256] done synthesizing module 'axi_data_fifo_v2_1_10_fifo_gen' (19#1) [/home/nick/Documents/student_xohw18-222_Nikolaos_Bellas_20180630_1/Hog_System_Zynq/Hog_System.srcs/sources_1/bd/design_1/ipshared/39ba/hdl/axi_data_fifo_v2_1_vl_rfs.v:168]
INFO: [Synth 8-256] done synthesizing module 'axi_data_fifo_v2_1_10_axic_fifo' (20#1) [/home/nick/Documents/student_xohw18-222_Nikolaos_Bellas_20180630_1/Hog_System_Zynq/Hog_System.srcs/sources_1/bd/design_1/ipshared/39ba/hdl/axi_data_fifo_v2_1_vl_rfs.v:64]
INFO: [Synth 8-256] done synthesizing module 'axi_protocol_converter_v2_1_11_a_axi3_conv' (21#1) [/home/nick/Documents/student_xohw18-222_Nikolaos_Bellas_20180630_1/Hog_System_Zynq/Hog_System.srcs/sources_1/bd/design_1/ipshared/df1b/hdl/axi_protocol_converter_v2_1_vl_rfs.v:62]
INFO: [Synth 8-638] synthesizing module 'axi_protocol_converter_v2_1_11_r_axi3_conv' [/home/nick/Documents/student_xohw18-222_Nikolaos_Bellas_20180630_1/Hog_System_Zynq/Hog_System.srcs/sources_1/bd/design_1/ipshared/df1b/hdl/axi_protocol_converter_v2_1_vl_rfs.v:1789]
INFO: [Synth 8-256] done synthesizing module 'axi_protocol_converter_v2_1_11_r_axi3_conv' (22#1) [/home/nick/Documents/student_xohw18-222_Nikolaos_Bellas_20180630_1/Hog_System_Zynq/Hog_System.srcs/sources_1/bd/design_1/ipshared/df1b/hdl/axi_protocol_converter_v2_1_vl_rfs.v:1789]
INFO: [Synth 8-256] done synthesizing module 'axi_protocol_converter_v2_1_11_axi3_conv' (23#1) [/home/nick/Documents/student_xohw18-222_Nikolaos_Bellas_20180630_1/Hog_System_Zynq/Hog_System.srcs/sources_1/bd/design_1/ipshared/df1b/hdl/axi_protocol_converter_v2_1_vl_rfs.v:954]
INFO: [Synth 8-256] done synthesizing module 'axi_protocol_converter_v2_1_11_axi_protocol_converter' (24#1) [/home/nick/Documents/student_xohw18-222_Nikolaos_Bellas_20180630_1/Hog_System_Zynq/Hog_System.srcs/sources_1/bd/design_1/ipshared/df1b/hdl/axi_protocol_converter_v2_1_vl_rfs.v:4806]
INFO: [Synth 8-256] done synthesizing module 'design_1_auto_pc_0' (25#1) [/home/nick/Documents/student_xohw18-222_Nikolaos_Bellas_20180630_1/Hog_System_Zynq/Hog_System.srcs/sources_1/bd/design_1/ip/design_1_auto_pc_0/synth/design_1_auto_pc_0.v:58]
Finished RTL Elaboration : Time (s): cpu = 00:00:24 ; elapsed = 00:00:25 . Memory (MB): peak = 1189.027 ; gain = 258.555 ; free physical = 4569 ; free virtual = 14295
Finished RTL Optimization Phase 1 : Time (s): cpu = 00:00:25 ; elapsed = 00:00:25 . Memory (MB): peak = 1189.027 ; gain = 258.555 ; free physical = 4569 ; free virtual = 14295
INFO: [Device 21-403] Loading part xc7z020clg484-1
Constraint Validation Runtime : Time (s): cpu = 00:00:00.03 ; elapsed = 00:00:00.02 . Memory (MB): peak = 1493.863 ; gain = 0.000 ; free physical = 4413 ; free virtual = 14188
Finished Constraint Validation : Time (s): cpu = 00:00:33 ; elapsed = 00:01:14 . Memory (MB): peak = 1493.863 ; gain = 563.391 ; free physical = 4367 ; free virtual = 14160
Finished Loading Part and Timing Information : Time (s): cpu = 00:00:33 ; elapsed = 00:01:14 . Memory (MB): peak = 1493.863 ; gain = 563.391 ; free physical = 4367 ; free virtual = 14160
Finished applying 'set_property' XDC Constraints : Time (s): cpu = 00:00:33 ; elapsed = 00:01:14 . Memory (MB): peak = 1493.863 ; gain = 563.391 ; free physical = 4367 ; free virtual = 14160
Finished RTL Optimization Phase 2 : Time (s): cpu = 00:00:33 ; elapsed = 00:01:14 . Memory (MB): peak = 1493.863 ; gain = 563.391 ; free physical = 4362 ; free virtual = 14154
Finished Cross Boundary and Area Optimization : Time (s): cpu = 00:00:34 ; elapsed = 00:01:15 . Memory (MB): peak = 1493.863 ; gain = 563.391 ; free physical = 4343 ; free virtual = 14138
---------------------------------------------------------------------------------
Start ROM, RAM, DSP and Shift Register Reporting
---------------------------------------------------------------------------------

Distributed RAM: Preliminary Mapping  Report (see note below)
+-----------------------+-------------------------------------------------------------------------------+----------------+----------------------+----------------+
|Module Name            | RTL Object                                                                    | Inference      | Size (Depth x Width) | Primitives     | 
+-----------------------+-------------------------------------------------------------------------------+----------------+----------------------+----------------+
|fifo_generator_v13_1_3 | inst_fifo_gen/gconvfifo.rf/grf.rf/gntv_or_sync_fifo.mem/gdm.dm_gen.dm/RAM_reg | User Attribute | 32 x 1               | RAM32X1D x 1   | 
+-----------------------+-------------------------------------------------------------------------------+----------------+----------------------+----------------+

Note: The table above is a preliminary report that shows the Distributed RAMs at the current stage of the synthesis flow. Some Distributed RAMs may be reimplemented as non Distributed RAM primitives later in the synthesis flow. Multiple instantiated RAMs are reported only once.
---------------------------------------------------------------------------------
Finished ROM, RAM, DSP and Shift Register Reporting
---------------------------------------------------------------------------------
Finished Applying XDC Timing Constraints : Time (s): cpu = 00:00:40 ; elapsed = 00:01:21 . Memory (MB): peak = 1493.863 ; gain = 563.391 ; free physical = 4298 ; free virtual = 14100
Finished Timing Optimization : Time (s): cpu = 00:00:41 ; elapsed = 00:01:21 . Memory (MB): peak = 1493.863 ; gain = 563.391 ; free physical = 4283 ; free virtual = 14086
Finished Technology Mapping : Time (s): cpu = 00:00:41 ; elapsed = 00:01:22 . Memory (MB): peak = 1493.863 ; gain = 563.391 ; free physical = 4273 ; free virtual = 14076
Finished IO Insertion : Time (s): cpu = 00:00:41 ; elapsed = 00:01:22 . Memory (MB): peak = 1493.863 ; gain = 563.391 ; free physical = 4273 ; free virtual = 14075
Finished Renaming Generated Instances : Time (s): cpu = 00:00:41 ; elapsed = 00:01:22 . Memory (MB): peak = 1493.863 ; gain = 563.391 ; free physical = 4273 ; free virtual = 14075
Finished Rebuilding User Hierarchy : Time (s): cpu = 00:00:41 ; elapsed = 00:01:22 . Memory (MB): peak = 1493.863 ; gain = 563.391 ; free physical = 4273 ; free virtual = 14075
Finished Renaming Generated Ports : Time (s): cpu = 00:00:41 ; elapsed = 00:01:22 . Memory (MB): peak = 1493.863 ; gain = 563.391 ; free physical = 4273 ; free virtual = 14075
Finished Handling Custom Attributes : Time (s): cpu = 00:00:41 ; elapsed = 00:01:22 . Memory (MB): peak = 1493.863 ; gain = 563.391 ; free physical = 4273 ; free virtual = 14075
Finished Renaming Generated Nets : Time (s): cpu = 00:00:41 ; elapsed = 00:01:22 . Memory (MB): peak = 1493.863 ; gain = 563.391 ; free physical = 4273 ; free virtual = 14075

Report Cell Usage: 
+------+---------+------+
|      |Cell     |Count |
+------+---------+------+
|1     |CARRY4   |     8|
|2     |LUT1     |     8|
|3     |LUT2     |    21|
|4     |LUT3     |    25|
|5     |LUT4     |    26|
|6     |LUT5     |    71|
|7     |LUT6     |    31|
|8     |RAM32X1D |     1|
|9     |FDCE     |    23|
|10    |FDPE     |    21|
|11    |FDRE     |   146|
|12    |FDSE     |     1|
+------+---------+------+
Finished Writing Synthesis Report : Time (s): cpu = 00:00:41 ; elapsed = 00:01:22 . Memory (MB): peak = 1493.863 ; gain = 563.391 ; free physical = 4273 ; free virtual = 14075
synth_design: Time (s): cpu = 00:00:41 ; elapsed = 00:01:21 . Memory (MB): peak = 1493.863 ; gain = 495.887 ; free physical = 4266 ; free virtual = 14072
