
*** Running vivado
    with args -log design_1_xlconstant_0_0.vds -m64 -product Vivado -mode batch -messageDb vivado.pb -notrace -source design_1_xlconstant_0_0.tcl

awk: symbol lookup error: awk: undefined symbol: mpfr_z_sub

****** Vivado v2016.4 (64-bit)
  **** SW Build 1756540 on Mon Jan 23 19:11:19 MST 2017
  **** IP Build 1755317 on Mon Jan 23 20:30:07 MST 2017
    ** Copyright 1986-2016 Xilinx, Inc. All Rights Reserved.

source design_1_xlconstant_0_0.tcl -notrace
awk: symbol lookup error: awk: undefined symbol: mpfr_z_sub
Starting RTL Elaboration : Time (s): cpu = 00:00:06 ; elapsed = 00:00:06 . Memory (MB): peak = 1057.559 ; gain = 127.086 ; free physical = 2165 ; free virtual = 11412
INFO: [Synth 8-638] synthesizing module 'design_1_xlconstant_0_0' [/home/nick/Documents/student_xohw18-222_Nikolaos_Bellas_20180630_1/Hog_System_Zynq/Hog_System.srcs/sources_1/bd/design_1/ip/design_1_xlconstant_0_0/sim/design_1_xlconstant_0_0.v:56]
INFO: [Synth 8-638] synthesizing module 'xlconstant' [/home/nick/Documents/student_xohw18-222_Nikolaos_Bellas_20180630_1/Hog_System_Zynq/Hog_System.srcs/sources_1/bd/design_1/ipshared/e147/xlconstant.v:23]
INFO: [Synth 8-256] done synthesizing module 'xlconstant' (1#1) [/home/nick/Documents/student_xohw18-222_Nikolaos_Bellas_20180630_1/Hog_System_Zynq/Hog_System.srcs/sources_1/bd/design_1/ipshared/e147/xlconstant.v:23]
INFO: [Synth 8-256] done synthesizing module 'design_1_xlconstant_0_0' (2#1) [/home/nick/Documents/student_xohw18-222_Nikolaos_Bellas_20180630_1/Hog_System_Zynq/Hog_System.srcs/sources_1/bd/design_1/ip/design_1_xlconstant_0_0/sim/design_1_xlconstant_0_0.v:56]
Finished RTL Elaboration : Time (s): cpu = 00:00:07 ; elapsed = 00:00:07 . Memory (MB): peak = 1098.027 ; gain = 167.555 ; free physical = 2017 ; free virtual = 11265
Finished RTL Optimization Phase 1 : Time (s): cpu = 00:00:07 ; elapsed = 00:00:07 . Memory (MB): peak = 1098.027 ; gain = 167.555 ; free physical = 2014 ; free virtual = 11263
INFO: [Device 21-403] Loading part xc7z020clg484-1
Constraint Validation Runtime : Time (s): cpu = 00:00:00.01 ; elapsed = 00:00:00.02 . Memory (MB): peak = 1377.574 ; gain = 0.000 ; free physical = 1408 ; free virtual = 10703
Finished Constraint Validation : Time (s): cpu = 00:00:15 ; elapsed = 00:00:56 . Memory (MB): peak = 1377.574 ; gain = 447.102 ; free physical = 1194 ; free virtual = 10491
Finished Loading Part and Timing Information : Time (s): cpu = 00:00:15 ; elapsed = 00:00:56 . Memory (MB): peak = 1377.574 ; gain = 447.102 ; free physical = 1194 ; free virtual = 10491
Finished applying 'set_property' XDC Constraints : Time (s): cpu = 00:00:15 ; elapsed = 00:00:56 . Memory (MB): peak = 1377.574 ; gain = 447.102 ; free physical = 1193 ; free virtual = 10490
Finished RTL Optimization Phase 2 : Time (s): cpu = 00:00:15 ; elapsed = 00:00:56 . Memory (MB): peak = 1377.574 ; gain = 447.102 ; free physical = 1193 ; free virtual = 10490
Finished Cross Boundary and Area Optimization : Time (s): cpu = 00:00:15 ; elapsed = 00:00:56 . Memory (MB): peak = 1377.574 ; gain = 447.102 ; free physical = 1189 ; free virtual = 10487
Finished Applying XDC Timing Constraints : Time (s): cpu = 00:00:22 ; elapsed = 00:01:03 . Memory (MB): peak = 1388.559 ; gain = 458.086 ; free physical = 961 ; free virtual = 10269
Finished Timing Optimization : Time (s): cpu = 00:00:22 ; elapsed = 00:01:03 . Memory (MB): peak = 1388.559 ; gain = 458.086 ; free physical = 961 ; free virtual = 10269
Finished Technology Mapping : Time (s): cpu = 00:00:22 ; elapsed = 00:01:03 . Memory (MB): peak = 1398.574 ; gain = 468.102 ; free physical = 952 ; free virtual = 10259
Finished IO Insertion : Time (s): cpu = 00:00:23 ; elapsed = 00:01:03 . Memory (MB): peak = 1398.574 ; gain = 468.102 ; free physical = 952 ; free virtual = 10259
Finished Renaming Generated Instances : Time (s): cpu = 00:00:23 ; elapsed = 00:01:03 . Memory (MB): peak = 1398.574 ; gain = 468.102 ; free physical = 952 ; free virtual = 10259
Finished Rebuilding User Hierarchy : Time (s): cpu = 00:00:23 ; elapsed = 00:01:03 . Memory (MB): peak = 1398.574 ; gain = 468.102 ; free physical = 952 ; free virtual = 10259
Finished Renaming Generated Ports : Time (s): cpu = 00:00:23 ; elapsed = 00:01:03 . Memory (MB): peak = 1398.574 ; gain = 468.102 ; free physical = 952 ; free virtual = 10259
Finished Handling Custom Attributes : Time (s): cpu = 00:00:23 ; elapsed = 00:01:03 . Memory (MB): peak = 1398.574 ; gain = 468.102 ; free physical = 952 ; free virtual = 10259
Finished Renaming Generated Nets : Time (s): cpu = 00:00:23 ; elapsed = 00:01:03 . Memory (MB): peak = 1398.574 ; gain = 468.102 ; free physical = 952 ; free virtual = 10259

Report Cell Usage: 
+-+-----+------+
| |Cell |Count |
+-+-----+------+
+-+-----+------+
Finished Writing Synthesis Report : Time (s): cpu = 00:00:23 ; elapsed = 00:01:03 . Memory (MB): peak = 1398.574 ; gain = 468.102 ; free physical = 952 ; free virtual = 10259
synth_design: Time (s): cpu = 00:00:22 ; elapsed = 00:01:03 . Memory (MB): peak = 1412.574 ; gain = 414.598 ; free physical = 939 ; free virtual = 10248
